# JRE version: OpenJDK Runtime Environment Temurin-17.0.10+7 (17.0.10+7) (build 17.0.10+7)
# Java VM: OpenJDK 64-Bit Server VM Temurin-17.0.10+7 (17.0.10+7, mixed mode, tiered, compressed oops, compressed class ptrs, parallel gc, linux-amd64)
GC Precious Log:
 CPUs: 8 total, 8 available
 Memory: 19777M
 Large Page Support: Disabled
 NUMA Support: Disabled
 Compressed Oops: Enabled (32-bit)
 Alignments: Space 512K, Generation 512K, Heap 2M
 Heap Min Capacity: 100M
 Heap Initial Capacity: 100M
 Heap Max Capacity: 1G
 Pre-touch: Disabled
 Parallel Workers: 8
Heap:
 PSYoungGen      total 3072K, used 512K [0x00000000eab00000, 0x00000000eb780000, 0x0000000100000000)
  eden space 2560K, 0% used [0x00000000eab00000,0x00000000eab00000,0x00000000ead80000)
  from space 512K, 100% used [0x00000000eb200000,0x00000000eb280000,0x00000000eb280000)
  to   space 4608K, 0% used [0x00000000ead80000,0x00000000ead80000,0x00000000eb200000)
 ParOldGen       total 115200K, used 114940K [0x00000000c0000000, 0x00000000c7080000, 0x00000000eab00000)
  object space 115200K, 99% used [0x00000000c0000000,0x00000000c703f080,0x00000000c7080000)
 Metaspace       used 88547K, committed 89728K, reserved 1179648K
  class space    used 9253K, committed 9856K, reserved 1048576K
GC Heap History (20 events):
Event: 1334.048 GC heap after
{Heap after GC invocations=790 (full 18):
 PSYoungGen      total 5632K, used 496K [0x00000000eab00000, 0x00000000eb380000, 0x0000000100000000)
  eden space 3584K, 0% used [0x00000000eab00000,0x00000000eab00000,0x00000000eae80000)
  from space 2048K, 24% used [0x00000000eb000000,0x00000000eb07c030,0x00000000eb200000)
  to   space 1024K, 0% used [0x00000000eb280000,0x00000000eb280000,0x00000000eb380000)
 ParOldGen       total 114688K, used 109402K [0x00000000c0000000, 0x00000000c7000000, 0x00000000eab00000)
  object space 114688K, 95% used [0x00000000c0000000,0x00000000c6ad6808,0x00000000c7000000)
 Metaspace       used 88527K, committed 89728K, reserved 1179648K
  class space    used 9252K, committed 9856K, reserved 1048576K
}
Event: 1337.880 GC heap before
{Heap before GC invocations=791 (full 18):
 PSYoungGen      total 5632K, used 4080K [0x00000000eab00000, 0x00000000eb380000, 0x0000000100000000)
  eden space 3584K, 100% used [0x00000000eab00000,0x00000000eae80000,0x00000000eae80000)
  from space 2048K, 24% used [0x00000000eb000000,0x00000000eb07c030,0x00000000eb200000)
  to   space 1024K, 0% used [0x00000000eb280000,0x00000000eb280000,0x00000000eb380000)
 ParOldGen       total 114688K, used 109402K [0x00000000c0000000, 0x00000000c7000000, 0x00000000eab00000)
  object space 114688K, 95% used [0x00000000c0000000,0x00000000c6ad6808,0x00000000c7000000)
 Metaspace       used 88527K, committed 89728K, reserved 1179648K
  class space    used 9252K, committed 9856K, reserved 1048576K
}
Event: 1337.882 GC heap after
{Heap after GC invocations=791 (full 18):
 PSYoungGen      total 4096K, used 160K [0x00000000eab00000, 0x00000000eb300000, 0x0000000100000000)
  eden space 3584K, 0% used [0x00000000eab00000,0x00000000eab00000,0x00000000eae80000)
  from space 512K, 31% used [0x00000000eb280000,0x00000000eb2a8000,0x00000000eb300000)
  to   space 512K, 0% used [0x00000000eb200000,0x00000000eb200000,0x00000000eb280000)
 ParOldGen       total 114688K, used 109442K [0x00000000c0000000, 0x00000000c7000000, 0x00000000eab00000)
  object space 114688K, 95% used [0x00000000c0000000,0x00000000c6ae0808,0x00000000c7000000)
 Metaspace       used 88527K, committed 89728K, reserved 1179648K
  class space    used 9252K, committed 9856K, reserved 1048576K
}
Event: 1348.588 GC heap before
{Heap before GC invocations=792 (full 18):
 PSYoungGen      total 4096K, used 3732K [0x00000000eab00000, 0x00000000eb300000, 0x0000000100000000)
  eden space 3584K, 99% used [0x00000000eab00000,0x00000000eae7d130,0x00000000eae80000)
  from space 512K, 31% used [0x00000000eb280000,0x00000000eb2a8000,0x00000000eb300000)
  to   space 512K, 0% used [0x00000000eb200000,0x00000000eb200000,0x00000000eb280000)
 ParOldGen       total 114688K, used 109442K [0x00000000c0000000, 0x00000000c7000000, 0x00000000eab00000)
  object space 114688K, 95% used [0x00000000c0000000,0x00000000c6ae0808,0x00000000c7000000)
 Metaspace       used 88531K, committed 89728K, reserved 1179648K
  class space    used 9253K, committed 9856K, reserved 1048576K
}
Event: 1348.590 GC heap after
{Heap after GC invocations=792 (full 18):
 PSYoungGen      total 4096K, used 416K [0x00000000eab00000, 0x00000000eb300000, 0x0000000100000000)
  eden space 3584K, 0% used [0x00000000eab00000,0x00000000eab00000,0x00000000eae80000)
  from space 512K, 81% used [0x00000000eb200000,0x00000000eb268040,0x00000000eb280000)
  to   space 512K, 0% used [0x00000000eb280000,0x00000000eb280000,0x00000000eb300000)
 ParOldGen       total 114688K, used 109450K [0x00000000c0000000, 0x00000000c7000000, 0x00000000eab00000)
  object space 114688K, 95% used [0x00000000c0000000,0x00000000c6ae2808,0x00000000c7000000)
 Metaspace       used 88531K, committed 89728K, reserved 1179648K
  class space    used 9253K, committed 9856K, reserved 1048576K
}
Event: 1348.681 GC heap before
{Heap before GC invocations=793 (full 18):
 PSYoungGen      total 4096K, used 4000K [0x00000000eab00000, 0x00000000eb300000, 0x0000000100000000)
  eden space 3584K, 100% used [0x00000000eab00000,0x00000000eae80000,0x00000000eae80000)
  from space 512K, 81% used [0x00000000eb200000,0x00000000eb268040,0x00000000eb280000)
  to   space 512K, 0% used [0x00000000eb280000,0x00000000eb280000,0x00000000eb300000)
 ParOldGen       total 114688K, used 109450K [0x00000000c0000000, 0x00000000c7000000, 0x00000000eab00000)
  object space 114688K, 95% used [0x00000000c0000000,0x00000000c6ae2808,0x00000000c7000000)
 Metaspace       used 88544K, committed 89728K, reserved 1179648K
  class space    used 9253K, committed 9856K, reserved 1048576K
}
Event: 1348.684 GC heap after
{Heap after GC invocations=793 (full 18):
 PSYoungGen      total 4096K, used 480K [0x00000000eab00000, 0x00000000eb300000, 0x0000000100000000)
  eden space 3584K, 0% used [0x00000000eab00000,0x00000000eab00000,0x00000000eae80000)
  from space 512K, 93% used [0x00000000eb280000,0x00000000eb2f8030,0x00000000eb300000)
  to   space 1536K, 0% used [0x00000000eb000000,0x00000000eb000000,0x00000000eb180000)
 ParOldGen       total 114688K, used 110043K [0x00000000c0000000, 0x00000000c7000000, 0x00000000eab00000)
  object space 114688K, 95% used [0x00000000c0000000,0x00000000c6b76f90,0x00000000c7000000)
 Metaspace       used 88544K, committed 89728K, reserved 1179648K
  class space    used 9253K, committed 9856K, reserved 1048576K
}
Event: 1348.846 GC heap before
{Heap before GC invocations=794 (full 18):
 PSYoungGen      total 4096K, used 4064K [0x00000000eab00000, 0x00000000eb300000, 0x0000000100000000)
  eden space 3584K, 100% used [0x00000000eab00000,0x00000000eae80000,0x00000000eae80000)
  from space 512K, 93% used [0x00000000eb280000,0x00000000eb2f8030,0x00000000eb300000)
  to   space 1536K, 0% used [0x00000000eb000000,0x00000000eb000000,0x00000000eb180000)
 ParOldGen       total 114688K, used 110043K [0x00000000c0000000, 0x00000000c7000000, 0x00000000eab00000)
  object space 114688K, 95% used [0x00000000c0000000,0x00000000c6b76f90,0x00000000c7000000)
 Metaspace       used 88544K, committed 89728K, reserved 1179648K
  class space    used 9253K, committed 9856K, reserved 1048576K
}
Event: 1348.850 GC heap after
{Heap after GC invocations=794 (full 18):
 PSYoungGen      total 5120K, used 352K [0x00000000eab00000, 0x00000000eb300000, 0x0000000100000000)
  eden space 3584K, 0% used [0x00000000eab00000,0x00000000eab00000,0x00000000eae80000)
  from space 1536K, 22% used [0x00000000eb000000,0x00000000eb058000,0x00000000eb180000)
  to   space 1024K, 0% used [0x00000000eb200000,0x00000000eb200000,0x00000000eb300000)
 ParOldGen       total 114688K, used 110561K [0x00000000c0000000, 0x00000000c7000000, 0x00000000eab00000)
  object space 114688K, 96% used [0x00000000c0000000,0x00000000c6bf8440,0x00000000c7000000)
 Metaspace       used 88544K, committed 89728K, reserved 1179648K
  class space    used 9253K, committed 9856K, reserved 1048576K
}
Event: 1349.542 GC heap before
{Heap before GC invocations=795 (full 18):
 PSYoungGen      total 5120K, used 3935K [0x00000000eab00000, 0x00000000eb300000, 0x0000000100000000)
  eden space 3584K, 99% used [0x00000000eab00000,0x00000000eae7ffd8,0x00000000eae80000)
  from space 1536K, 22% used [0x00000000eb000000,0x00000000eb058000,0x00000000eb180000)
  to   space 1024K, 0% used [0x00000000eb200000,0x00000000eb200000,0x00000000eb300000)
 ParOldGen       total 114688K, used 110561K [0x00000000c0000000, 0x00000000c7000000, 0x00000000eab00000)
  object space 114688K, 96% used [0x00000000c0000000,0x00000000c6bf8440,0x00000000c7000000)
 Metaspace       used 88544K, committed 89728K, reserved 1179648K
  class space    used 9253K, committed 9856K, reserved 1048576K
}
Event: 1349.543 GC heap after
{Heap after GC invocations=795 (full 18):
 PSYoungGen      total 4096K, used 224K [0x00000000eab00000, 0x00000000eb280000, 0x0000000100000000)
  eden space 3584K, 0% used [0x00000000eab00000,0x00000000eab00000,0x00000000eae80000)
  from space 512K, 43% used [0x00000000eb200000,0x00000000eb238000,0x00000000eb280000)
  to   space 512K, 0% used [0x00000000eb180000,0x00000000eb180000,0x00000000eb200000)
 ParOldGen       total 114688K, used 110657K [0x00000000c0000000, 0x00000000c7000000, 0x00000000eab00000)
  object space 114688K, 96% used [0x00000000c0000000,0x00000000c6c10440,0x00000000c7000000)
 Metaspace       used 88544K, committed 89728K, reserved 1179648K
  class space    used 9253K, committed 9856K, reserved 1048576K
}
Event: 1349.894 GC heap before
{Heap before GC invocations=796 (full 18):
 PSYoungGen      total 4096K, used 3808K [0x00000000eab00000, 0x00000000eb280000, 0x0000000100000000)
  eden space 3584K, 100% used [0x00000000eab00000,0x00000000eae80000,0x00000000eae80000)
  from space 512K, 43% used [0x00000000eb200000,0x00000000eb238000,0x00000000eb280000)
  to   space 512K, 0% used [0x00000000eb180000,0x00000000eb180000,0x00000000eb200000)
 ParOldGen       total 114688K, used 110657K [0x00000000c0000000, 0x00000000c7000000, 0x00000000eab00000)
  object space 114688K, 96% used [0x00000000c0000000,0x00000000c6c10440,0x00000000c7000000)
 Metaspace       used 88545K, committed 89728K, reserved 1179648K
  class space    used 9253K, committed 9856K, reserved 1048576K
}
Event: 1349.896 GC heap after
{Heap after GC invocations=796 (full 18):
 PSYoungGen      total 4096K, used 480K [0x00000000eab00000, 0x00000000eb280000, 0x0000000100000000)
  eden space 3584K, 0% used [0x00000000eab00000,0x00000000eab00000,0x00000000eae80000)
  from space 512K, 93% used [0x00000000eb180000,0x00000000eb1f8020,0x00000000eb200000)
  to   space 512K, 0% used [0x00000000eb200000,0x00000000eb200000,0x00000000eb280000)
 ParOldGen       total 114688K, used 110881K [0x00000000c0000000, 0x00000000c7000000, 0x00000000eab00000)
  object space 114688K, 96% used [0x00000000c0000000,0x00000000c6c48440,0x00000000c7000000)
 Metaspace       used 88545K, committed 89728K, reserved 1179648K
  class space    used 9253K, committed 9856K, reserved 1048576K
}
Event: 1350.012 GC heap before
{Heap before GC invocations=797 (full 18):
 PSYoungGen      total 4096K, used 4064K [0x00000000eab00000, 0x00000000eb280000, 0x0000000100000000)
  eden space 3584K, 100% used [0x00000000eab00000,0x00000000eae80000,0x00000000eae80000)
  from space 512K, 93% used [0x00000000eb180000,0x00000000eb1f8020,0x00000000eb200000)
  to   space 512K, 0% used [0x00000000eb200000,0x00000000eb200000,0x00000000eb280000)
 ParOldGen       total 114688K, used 110881K [0x00000000c0000000, 0x00000000c7000000, 0x00000000eab00000)
  object space 114688K, 96% used [0x00000000c0000000,0x00000000c6c48440,0x00000000c7000000)
 Metaspace       used 88545K, committed 89728K, reserved 1179648K
  class space    used 9253K, committed 9856K, reserved 1048576K
}
Event: 1350.013 GC heap after
{Heap after GC invocations=797 (full 18):
 PSYoungGen      total 4096K, used 320K [0x00000000eab00000, 0x00000000eb280000, 0x0000000100000000)
  eden space 3584K, 0% used [0x00000000eab00000,0x00000000eab00000,0x00000000eae80000)
  from space 512K, 62% used [0x00000000eb200000,0x00000000eb250020,0x00000000eb280000)
  to   space 512K, 0% used [0x00000000eb180000,0x00000000eb180000,0x00000000eb200000)
 ParOldGen       total 114688K, used 111214K [0x00000000c0000000, 0x00000000c7000000, 0x00000000eab00000)
  object space 114688K, 96% used [0x00000000c0000000,0x00000000c6c9b900,0x00000000c7000000)
 Metaspace       used 88545K, committed 89728K, reserved 1179648K
  class space    used 9253K, committed 9856K, reserved 1048576K
}
Event: 1350.238 GC heap before
{Heap before GC invocations=798 (full 18):
 PSYoungGen      total 4096K, used 3904K [0x00000000eab00000, 0x00000000eb280000, 0x0000000100000000)
  eden space 3584K, 100% used [0x00000000eab00000,0x00000000eae80000,0x00000000eae80000)
  from space 512K, 62% used [0x00000000eb200000,0x00000000eb250020,0x00000000eb280000)
  to   space 512K, 0% used [0x00000000eb180000,0x00000000eb180000,0x00000000eb200000)
 ParOldGen       total 114688K, used 111214K [0x00000000c0000000, 0x00000000c7000000, 0x00000000eab00000)
  object space 114688K, 96% used [0x00000000c0000000,0x00000000c6c9b900,0x00000000c7000000)
 Metaspace       used 88547K, committed 89728K, reserved 1179648K
  class space    used 9253K, committed 9856K, reserved 1048576K
}
Event: 1350.240 GC heap after
{Heap after GC invocations=798 (full 18):
 PSYoungGen      total 4096K, used 498K [0x00000000eab00000, 0x00000000eb280000, 0x0000000100000000)
  eden space 3584K, 0% used [0x00000000eab00000,0x00000000eab00000,0x00000000eae80000)
  from space 512K, 97% used [0x00000000eb180000,0x00000000eb1fcbb0,0x00000000eb200000)
  to   space 512K, 0% used [0x00000000eb200000,0x00000000eb200000,0x00000000eb280000)
 ParOldGen       total 114688K, used 111569K [0x00000000c0000000, 0x00000000c7000000, 0x00000000eab00000)
  object space 114688K, 97% used [0x00000000c0000000,0x00000000c6cf44d0,0x00000000c7000000)
 Metaspace       used 88547K, committed 89728K, reserved 1179648K
  class space    used 9253K, committed 9856K, reserved 1048576K
}
Event: 1350.250 GC heap before
{Heap before GC invocations=799 (full 18):
 PSYoungGen      total 4096K, used 4082K [0x00000000eab00000, 0x00000000eb280000, 0x0000000100000000)
  eden space 3584K, 100% used [0x00000000eab00000,0x00000000eae80000,0x00000000eae80000)
  from space 512K, 97% used [0x00000000eb180000,0x00000000eb1fcbb0,0x00000000eb200000)
  to   space 512K, 0% used [0x00000000eb200000,0x00000000eb200000,0x00000000eb280000)
 ParOldGen       total 114688K, used 111569K [0x00000000c0000000, 0x00000000c7000000, 0x00000000eab00000)
  object space 114688K, 97% used [0x00000000c0000000,0x00000000c6cf44d0,0x00000000c7000000)
 Metaspace       used 88547K, committed 89728K, reserved 1179648K
  class space    used 9253K, committed 9856K, reserved 1048576K
}
Event: 1350.256 GC heap after
{Heap after GC invocations=799 (full 18):
 PSYoungGen      total 3072K, used 512K [0x00000000eab00000, 0x00000000eb780000, 0x0000000100000000)
  eden space 2560K, 0% used [0x00000000eab00000,0x00000000eab00000,0x00000000ead80000)
  from space 512K, 100% used [0x00000000eb200000,0x00000000eb280000,0x00000000eb280000)
  to   space 4608K, 0% used [0x00000000ead80000,0x00000000ead80000,0x00000000eb200000)
 ParOldGen       total 115200K, used 114940K [0x00000000c0000000, 0x00000000c7080000, 0x00000000eab00000)
  object space 115200K, 99% used [0x00000000c0000000,0x00000000c703f080,0x00000000c7080000)
 Metaspace       used 88547K, committed 89728K, reserved 1179648K
  class space    used 9253K, committed 9856K, reserved 1048576K
}
Event: 1350.256 GC heap before
{Heap before GC invocations=800 (full 19):
 PSYoungGen      total 3072K, used 512K [0x00000000eab00000, 0x00000000eb780000, 0x0000000100000000)
  eden space 2560K, 0% used [0x00000000eab00000,0x00000000eab00000,0x00000000ead80000)
  from space 512K, 100% used [0x00000000eb200000,0x00000000eb280000,0x00000000eb280000)
  to   space 4608K, 0% used [0x00000000ead80000,0x00000000ead80000,0x00000000eb200000)
 ParOldGen       total 115200K, used 114940K [0x00000000c0000000, 0x00000000c7080000, 0x00000000eab00000)
  object space 115200K, 99% used [0x00000000c0000000,0x00000000c703f080,0x00000000c7080000)
 Metaspace       used 88547K, committed 89728K, reserved 1179648K
  class space    used 9253K, committed 9856K, reserved 1048576K
}

